#
# There is insufficient memory for the Java Runtime Environment to continue.
# Native memory allocation (mmap) failed to map 132120576 bytes for Failed to commit area from 0x0000000082600000 to 0x000000008a400000 of length 132120576.
# Possible reasons:
#   The system is out of physical RAM or swap space
#   The process is running with CompressedOops enabled, and the Java Heap may be blocking the growth of the native heap
# Possible solutions:
#   Reduce memory load on the system
#   Increase physical memory or swap space
#   Check if swap backing store is full
#   Decrease Java heap size (-Xmx/-Xms)
#   Decrease number of Java threads
#   Decrease Java thread stack sizes (-Xss)
#   Set larger code cache with -XX:ReservedCodeCacheSize=
#   JVM is running with Unscaled Compressed Oops mode in which the Java heap is
#     placed in the first 4GB address space. The Java Heap base address is the
#     maximum limit for the native heap growth. Please use -XX:HeapBaseMinAddress
#     to set the Java Heap base and to place the Java Heap above 4GB virtual address.
# This output file may be truncated or incomplete.
#
#  Out of Memory Error (./open/src/hotspot/os/windows/os_windows.cpp:3315), pid=14756, tid=21668
#
# JRE version:  (14.0.2+12) (build )
# Java VM: Java HotSpot(TM) 64-Bit Server VM (14.0.2+12-46, mixed mode, sharing, tiered, compressed oops, g1 gc, windows-amd64)
# No core dump will be written. Minidumps are not enabled by default on client versions of Windows
#

---------------  S U M M A R Y ------------

Command Line: AnonymousInnerClass

Host: Intel(R) Core(TM) i5-8300H CPU @ 2.30GHz, 8 cores, 7G,  Windows 10 , 64 bit Build 18362 (10.0.18362.1082)
Time: Wed Sep 16 16:00:33 2020 ¢¥eCN©öI¡¾©ö C¡ÍA¨ª¨öA elapsed time: 0 seconds (0d 0h 0m 0s)

---------------  T H R E A D  ---------------

Current thread (0x00000206cb5eb800):  JavaThread "Unknown thread" [_thread_in_vm, id=21668, stack(0x00000031c5300000,0x00000031c5400000)]

Stack: [0x00000031c5300000,0x00000031c5400000]
Native frames: (J=compiled Java code, j=interpreted, Vv=VM code, C=native code)
V  [jvm.dll+0x5f8a9a]
V  [jvm.dll+0x74247a]
V  [jvm.dll+0x743c2f]
V  [jvm.dll+0x744273]
V  [jvm.dll+0x20d288]
V  [jvm.dll+0x5f5dea]
V  [jvm.dll+0x5eac45]
V  [jvm.dll+0x2c7e9c]
V  [jvm.dll+0x2c7cd2]
V  [jvm.dll+0x2cdbbc]
V  [jvm.dll+0x313fe8]
V  [jvm.dll+0x313710]
V  [jvm.dll+0x2a092a]
V  [jvm.dll+0x2a1a79]
V  [jvm.dll+0x71fd48]
V  [jvm.dll+0x321c14]
V  [jvm.dll+0x70112c]
V  [jvm.dll+0x392def]
V  [jvm.dll+0x394e61]
C  [jli.dll+0x524b]
C  [ucrtbase.dll+0x20e82]
C  [KERNEL32.DLL+0x17bd4]
C  [ntdll.dll+0x6ce51]


---------------  P R O C E S S  ---------------

Threads class SMR info:
_java_thread_list=0x00007ffc80d63038, length=0, elements={
}

Java Threads: ( => current thread )

Other Threads:
  0x00000206cb62e000 GCTaskThread "GC Thread#0" [stack: 0x00000031c5400000,0x00000031c5500000] [id=19272]
  0x00000206cb63f800 ConcurrentGCThread "G1 Main Marker" [stack: 0x00000031c5500000,0x00000031c5600000] [id=3152]
  0x00000206cb642800 ConcurrentGCThread "G1 Conc#0" [stack: 0x00000031c5600000,0x00000031c5700000] [id=19580]

[error occurred during error reporting (printing all threads), id 0xc0000005, EXCEPTION_ACCESS_VIOLATION (0xc0000005) at pc=0x00007ffc80591257]

VM state:not at safepoint (not fully initialized)

VM Mutex/Monitor currently owned by a thread:  ([mutex/lock_event])
[0x00000206cb5e86c0] Heap_lock - owner thread: 0x00000206cb5eb800

Heap address: 0x0000000082600000, size: 2010 MB, Compressed Oops mode: 32-bit
Narrow klass base: 0x0000000000000000, Narrow klass shift: 0

GC Heap History (0 events):
No events

Deoptimization events (0 events):
No events

Classes unloaded (0 events):
No events

Classes redefined (0 events):
No events

Internal exceptions (0 events):
No events

Events (2 events):
Event: 0.011 Loaded shared library C:\Program Files\Java\jdk-14.0.2\bin\java.dll
Event: 0.013 Loaded shared library C:\Program Files\Java\jdk-14.0.2\bin\zip.dll


Dynamic libraries:
0x00007ff6f0510000 - 0x00007ff6f051f000 	C:\Program Files\Java\jdk-14.0.2\bin\java.exe
0x00007ffcbc6c0000 - 0x00007ffcbc8b0000 	C:\WINDOWS\SYSTEM32\ntdll.dll
0x00007ffcbb5f0000 - 0x00007ffcbb6a2000 	C:\WINDOWS\System32\KERNEL32.DLL
0x00007ffcb9dd0000 - 0x00007ffcba075000 	C:\WINDOWS\System32\KERNELBASE.dll
0x00007ffcba0e0000 - 0x00007ffcba1da000 	C:\WINDOWS\System32\ucrtbase.dll
0x00007ffcb31c0000 - 0x00007ffcb31d5000 	C:\Program Files\Java\jdk-14.0.2\bin\VCRUNTIME140.dll
0x00007ffcb2210000 - 0x00007ffcb2228000 	C:\Program Files\Java\jdk-14.0.2\bin\jli.dll
0x00007ffcbc2c0000 - 0x00007ffcbc363000 	C:\WINDOWS\System32\ADVAPI32.dll
0x00007ffcbc5e0000 - 0x00007ffcbc67e000 	C:\WINDOWS\System32\msvcrt.dll
0x00007ffcbc1d0000 - 0x00007ffcbc267000 	C:\WINDOWS\System32\sechost.dll
0x00007ffcba810000 - 0x00007ffcba930000 	C:\WINDOWS\System32\RPCRT4.dll
0x00007ffcbc370000 - 0x00007ffcbc505000 	C:\WINDOWS\System32\USER32.dll
0x00007ffcba420000 - 0x00007ffcba441000 	C:\WINDOWS\System32\win32u.dll
0x00007ffcba7e0000 - 0x00007ffcba806000 	C:\WINDOWS\System32\GDI32.dll
0x00007ffcba5a0000 - 0x00007ffcba736000 	C:\WINDOWS\System32\gdi32full.dll
0x00007ffcba1e0000 - 0x00007ffcba27e000 	C:\WINDOWS\System32\msvcp_win.dll
0x00007ffca41d0000 - 0x00007ffca4454000 	C:\WINDOWS\WinSxS\amd64_microsoft.windows.common-controls_6595b64144ccf1df_6.0.18362.1082_none_9e8193e1e45b25c1\COMCTL32.dll
0x00007ffcbba10000 - 0x00007ffcbbd45000 	C:\WINDOWS\System32\combase.dll
0x00007ffcba3a0000 - 0x00007ffcba420000 	C:\WINDOWS\System32\bcryptPrimitives.dll
0x00007ffcb4d10000 - 0x00007ffcb4d1a000 	C:\WINDOWS\SYSTEM32\VERSION.dll
0x00007ffcbc290000 - 0x00007ffcbc2be000 	C:\WINDOWS\System32\IMM32.DLL
0x00007ffca1940000 - 0x00007ffca19db000 	C:\Program Files\Java\jdk-14.0.2\bin\msvcp140.dll
0x00007ffc802e0000 - 0x00007ffc80dfe000 	C:\Program Files\Java\jdk-14.0.2\bin\server\jvm.dll
0x00007ffcbbd50000 - 0x00007ffcbbd58000 	C:\WINDOWS\System32\PSAPI.DLL
0x00007ffca3810000 - 0x00007ffca3819000 	C:\WINDOWS\SYSTEM32\WSOCK32.dll
0x00007ffcb6350000 - 0x00007ffcb6374000 	C:\WINDOWS\SYSTEM32\WINMM.dll
0x00007ffcbb580000 - 0x00007ffcbb5ef000 	C:\WINDOWS\System32\WS2_32.dll
0x00007ffcb6320000 - 0x00007ffcb634d000 	C:\WINDOWS\SYSTEM32\winmmbase.dll
0x00007ffcba280000 - 0x00007ffcba2ca000 	C:\WINDOWS\System32\cfgmgr32.dll
0x00007ffcb9590000 - 0x00007ffcb95a1000 	C:\WINDOWS\System32\kernel.appcore.dll
0x00007ffcb2330000 - 0x00007ffcb233a000 	C:\Program Files\Java\jdk-14.0.2\bin\jimage.dll
0x00007ffca59e0000 - 0x00007ffca5bd4000 	C:\WINDOWS\SYSTEM32\DBGHELP.DLL
0x00007ffca5920000 - 0x00007ffca594a000 	C:\WINDOWS\SYSTEM32\dbgcore.DLL
0x00007ffcb1ca0000 - 0x00007ffcb1cc5000 	C:\Program Files\Java\jdk-14.0.2\bin\java.dll
0x00007ffcb18c0000 - 0x00007ffcb18d6000 	C:\Program Files\Java\jdk-14.0.2\bin\zip.dll

dbghelp: loaded successfully - version: 4.0.5 - missing functions: none
symbol engine: initialized successfully - sym options: 0x614 - pdb path: .;C:\Program Files\Java\jdk-14.0.2\bin;C:\WINDOWS\SYSTEM32;C:\WINDOWS\WinSxS\amd64_microsoft.windows.common-controls_6595b64144ccf1df_6.0.18362.1082_none_9e8193e1e45b25c1;C:\Program Files\Java\jdk-14.0.2\bin\server

VM Arguments:
java_command: AnonymousInnerClass
java_class_path (initial): .
Launcher Type: SUN_STANDARD

[Global flags]
     intx CICompilerCount                          = 4                                         {product} {ergonomic}
     uint ConcGCThreads                            = 2                                         {product} {ergonomic}
     uint G1ConcRefinementThreads                  = 8                                         {product} {ergonomic}
   size_t G1HeapRegionSize                         = 1048576                                   {product} {ergonomic}
    uintx GCDrainStackTargetSize                   = 64                                        {product} {ergonomic}
   size_t InitialHeapSize                          = 132120576                                 {product} {ergonomic}
   size_t MarkStackSize                            = 4194304                                   {product} {ergonomic}
   size_t MaxHeapSize                              = 2107637760                                {product} {ergonomic}
   size_t MinHeapDeltaBytes                        = 1048576                                   {product} {ergonomic}
   size_t MinHeapSize                              = 8388608                                   {product} {ergonomic}
    uintx NonNMethodCodeHeapSize                   = 5839372                                {pd product} {ergonomic}
    uintx NonProfiledCodeHeapSize                  = 122909434                              {pd product} {ergonomic}
    uintx ProfiledCodeHeapSize                     = 122909434                              {pd product} {ergonomic}
    uintx ReservedCodeCacheSize                    = 251658240                              {pd product} {ergonomic}
     bool SegmentedCodeCache                       = true                                      {product} {ergonomic}
   size_t SoftMaxHeapSize                          = 2107637760                             {manageable} {ergonomic}
     bool UseCompressedClassPointers               = true                                 {lp64_product} {ergonomic}
     bool UseCompressedOops                        = true                                 {lp64_product} {ergonomic}
     bool UseG1GC                                  = true                                      {product} {ergonomic}
     bool UseLargePagesIndividualAllocation        = false                                  {pd product} {ergonomic}

Logging:
Log output configuration:
 #0: stdout all=warning uptime,level,tags
 #1: stderr all=off uptime,level,tags

Environment Variables:
JAVA_HOME=C:\Program Files\Java\jdk-14.0.2
CLASSPATH=.
PATH=C:\Program Files\Java\jdk-14.0.2\bin;C:\Program Files (x86)\Common Files\Oracle\Java\javapath;C:\ProgramData\Oracle\Java\javapath;C:\WINDOWS\system32;C:\WINDOWS;C:\WINDOWS\System32\Wbem;C:\WINDOWS\System32\WindowsPowerShell\v1.0\;C:\WINDOWS\System32\OpenSSH\;C:\Program Files (x86)\Common Files\Adobe\AGL;C:\Program Files\nodejs\;C:\Users\YOON\AppData\Local\Programs\Python\Python38-32\Scripts\;C:\Users\YOON\AppData\Local\Programs\Python\Python38-32\;C:\Users\YOON\AppData\Local\Microsoft\WindowsApps;;C:\Users\YOON\AppData\Local\Programs\Microsoft VS Code\bin;C:\Users\YOON\AppData\Roaming\npm
USERNAME=YOON
OS=Windows_NT
PROCESSOR_IDENTIFIER=Intel64 Family 6 Model 158 Stepping 10, GenuineIntel



---------------  S Y S T E M  ---------------

OS: Windows 10 , 64 bit Build 18362 (10.0.18362.1082)
OS uptime: 6 days 6:57 hours

CPU:total 8 (initial active 8) (4 cores per cpu, 2 threads per core) family 6 model 158 stepping 10, cmov, cx8, fxsr, mmx, sse, sse2, sse3, ssse3, sse4.1, sse4.2, popcnt, avx, avx2, aes, clmul, erms, 3dnowpref, lzcnt, ht, tsc, tscinvbit, bmi1, bmi2, adx, fma

Memory: 4k page, system-wide physical 8037M (3758M free)
TotalPageFile size 32613M (AvailPageFile size 97M)
current process WorkingSet (physical memory assigned to process): 10M, peak: 10M
current process commit charge ("private bytes"): 60M, peak: 186M

vm_info: Java HotSpot(TM) 64-Bit Server VM (14.0.2+12-46) for windows-amd64 JRE (14.0.2+12-46), built on Jul  9 2020 00:35:52 by "mach5one" with MS VC++ 15.9 (VS2017)

END.
